AH00558: httpd.exe: Could not reliably determine the server's fully qualified domain name, using 192.168.0.22. Set the 'ServerName' directive globally to suppress this message
[Fri Feb 19 11:06:08.317238 2021] [mpm_winnt:notice] [pid 8892:tid 788] AH00455: Apache/2.4.43 (Win32) configured -- resuming normal operations
[Fri Feb 19 11:06:08.318236 2021] [mpm_winnt:notice] [pid 8892:tid 788] AH00456: Server built: Apr 21 2020 13:46:54
[Fri Feb 19 11:06:08.318236 2021] [core:notice] [pid 8892:tid 788] AH00094: Command line: 'C:\\Users\\cbeut\\AppData\\Roaming\\Local\\lightning-services\\apache-2.4.43+6\\bin\\win32\\bin\\httpd.exe -d C:/Users/cbeut/AppData/Roaming/Local/lightning-services/apache-2.4.43+6/bin/win32 -D FOREGROUND -f C:\\Users\\cbeut\\AppData\\Roaming\\Local\\run\\DQo9vDo7A\\conf\\apache\\apache2.conf'
[Fri Feb 19 11:06:08.364113 2021] [mpm_winnt:notice] [pid 8892:tid 788] AH00418: Parent: Created child process 22788
AH00558: httpd.exe: Could not reliably determine the server's fully qualified domain name, using 192.168.0.22. Set the 'ServerName' directive globally to suppress this message
AH00558: httpd.exe: Could not reliably determine the server's fully qualified domain name, using 192.168.0.22. Set the 'ServerName' directive globally to suppress this message
[Fri Feb 19 11:06:10.067557 2021] [mpm_winnt:notice] [pid 22788:tid 896] AH00354: Child: Starting 64 worker threads.
AH00558: httpd.exe: Could not reliably determine the server's fully qualified domain name, using 192.168.0.22. Set the 'ServerName' directive globally to suppress this message
[Fri Feb 19 11:15:38.390534 2021] [core:warn] [pid 21824:tid 756] AH00098: pid file C:/Users/cbeut/AppData/Roaming/Local/run/DQo9vDo7A/apache/logs/httpd.pid overwritten -- Unclean shutdown of previous Apache run?
[Fri Feb 19 11:15:38.397515 2021] [mpm_winnt:notice] [pid 21824:tid 756] AH00455: Apache/2.4.43 (Win32) configured -- resuming normal operations
[Fri Feb 19 11:15:38.397515 2021] [mpm_winnt:notice] [pid 21824:tid 756] AH00456: Server built: Apr 21 2020 13:46:54
[Fri Feb 19 11:15:38.397515 2021] [core:notice] [pid 21824:tid 756] AH00094: Command line: 'C:\\Users\\cbeut\\AppData\\Roaming\\Local\\lightning-services\\apache-2.4.43+6\\bin\\win32\\bin\\httpd.exe -d C:/Users/cbeut/AppData/Roaming/Local/lightning-services/apache-2.4.43+6/bin/win32 -D FOREGROUND -f C:\\Users\\cbeut\\AppData\\Roaming\\Local\\run\\DQo9vDo7A\\conf\\apache\\apache2.conf'
[Fri Feb 19 11:15:38.400509 2021] [mpm_winnt:notice] [pid 21824:tid 756] AH00418: Parent: Created child process 20128
AH00558: httpd.exe: Could not reliably determine the server's fully qualified domain name, using 192.168.0.22. Set the 'ServerName' directive globally to suppress this message
AH00558: httpd.exe: Could not reliably determine the server's fully qualified domain name, using 192.168.0.22. Set the 'ServerName' directive globally to suppress this message
[Fri Feb 19 11:15:39.051015 2021] [mpm_winnt:notice] [pid 20128:tid 4] AH00354: Child: Starting 64 worker threads.
AH00558: httpd.exe: Could not reliably determine the server's fully qualified domain name, using 192.168.0.22. Set the 'ServerName' directive globally to suppress this message
[Fri Feb 19 11:16:20.208257 2021] [core:warn] [pid 11060:tid 796] AH00098: pid file C:/Users/cbeut/AppData/Roaming/Local/run/DQo9vDo7A/apache/logs/httpd.pid overwritten -- Unclean shutdown of previous Apache run?
[Fri Feb 19 11:16:20.216273 2021] [mpm_winnt:notice] [pid 11060:tid 796] AH00455: Apache/2.4.43 (Win32) configured -- resuming normal operations
[Fri Feb 19 11:16:20.216273 2021] [mpm_winnt:notice] [pid 11060:tid 796] AH00456: Server built: Apr 21 2020 13:46:54
[Fri Feb 19 11:16:20.216273 2021] [core:notice] [pid 11060:tid 796] AH00094: Command line: 'C:\\Users\\cbeut\\AppData\\Roaming\\Local\\lightning-services\\apache-2.4.43+6\\bin\\win32\\bin\\httpd.exe -d C:/Users/cbeut/AppData/Roaming/Local/lightning-services/apache-2.4.43+6/bin/win32 -D FOREGROUND -f C:\\Users\\cbeut\\AppData\\Roaming\\Local\\run\\DQo9vDo7A\\conf\\apache\\apache2.conf'
[Fri Feb 19 11:16:20.219228 2021] [mpm_winnt:notice] [pid 11060:tid 796] AH00418: Parent: Created child process 23884
AH00558: httpd.exe: Could not reliably determine the server's fully qualified domain name, using 192.168.0.22. Set the 'ServerName' directive globally to suppress this message
AH00558: httpd.exe: Could not reliably determine the server's fully qualified domain name, using 192.168.0.22. Set the 'ServerName' directive globally to suppress this message
[Fri Feb 19 11:16:20.878434 2021] [mpm_winnt:notice] [pid 23884:tid 816] AH00354: Child: Starting 64 worker threads.
AH00558: httpd.exe: Could not reliably determine the server's fully qualified domain name, using 192.168.0.22. Set the 'ServerName' directive globally to suppress this message
[Fri Feb 19 11:27:31.174889 2021] [core:warn] [pid 22096:tid 744] AH00098: pid file C:/Users/cbeut/AppData/Roaming/Local/run/DQo9vDo7A/apache/logs/httpd.pid overwritten -- Unclean shutdown of previous Apache run?
[Fri Feb 19 11:27:31.184861 2021] [mpm_winnt:notice] [pid 22096:tid 744] AH00455: Apache/2.4.43 (Win32) configured -- resuming normal operations
[Fri Feb 19 11:27:31.184861 2021] [mpm_winnt:notice] [pid 22096:tid 744] AH00456: Server built: Apr 21 2020 13:46:54
[Fri Feb 19 11:27:31.184861 2021] [core:notice] [pid 22096:tid 744] AH00094: Command line: 'C:\\Users\\cbeut\\AppData\\Roaming\\Local\\lightning-services\\apache-2.4.43+6\\bin\\win32\\bin\\httpd.exe -d C:/Users/cbeut/AppData/Roaming/Local/lightning-services/apache-2.4.43+6/bin/win32 -D FOREGROUND -f C:\\Users\\cbeut\\AppData\\Roaming\\Local\\run\\DQo9vDo7A\\conf\\apache\\apache2.conf'
[Fri Feb 19 11:27:31.189849 2021] [mpm_winnt:notice] [pid 22096:tid 744] AH00418: Parent: Created child process 18316
AH00558: httpd.exe: Could not reliably determine the server's fully qualified domain name, using 192.168.0.22. Set the 'ServerName' directive globally to suppress this message
AH00558: httpd.exe: Could not reliably determine the server's fully qualified domain name, using 192.168.0.22. Set the 'ServerName' directive globally to suppress this message
[Fri Feb 19 11:27:32.106398 2021] [mpm_winnt:notice] [pid 18316:tid 836] AH00354: Child: Starting 64 worker threads.
AH00558: httpd.exe: Could not reliably determine the server's fully qualified domain name, using 192.168.0.22. Set the 'ServerName' directive globally to suppress this message
[Fri Feb 19 11:37:34.495788 2021] [core:warn] [pid 27348:tid 780] AH00098: pid file C:/Users/cbeut/AppData/Roaming/Local/run/DQo9vDo7A/apache/logs/httpd.pid overwritten -- Unclean shutdown of previous Apache run?
[Fri Feb 19 11:37:34.505761 2021] [mpm_winnt:notice] [pid 27348:tid 780] AH00455: Apache/2.4.43 (Win32) configured -- resuming normal operations
[Fri Feb 19 11:37:34.505761 2021] [mpm_winnt:notice] [pid 27348:tid 780] AH00456: Server built: Apr 21 2020 13:46:54
[Fri Feb 19 11:37:34.505761 2021] [core:notice] [pid 27348:tid 780] AH00094: Command line: 'C:\\Users\\cbeut\\AppData\\Roaming\\Local\\lightning-services\\apache-2.4.43+6\\bin\\win32\\bin\\httpd.exe -d C:/Users/cbeut/AppData/Roaming/Local/lightning-services/apache-2.4.43+6/bin/win32 -D FOREGROUND -f C:\\Users\\cbeut\\AppData\\Roaming\\Local\\run\\DQo9vDo7A\\conf\\apache\\apache2.conf'
[Fri Feb 19 11:37:34.509750 2021] [mpm_winnt:notice] [pid 27348:tid 780] AH00418: Parent: Created child process 23680
AH00558: httpd.exe: Could not reliably determine the server's fully qualified domain name, using 192.168.0.22. Set the 'ServerName' directive globally to suppress this message
AH00558: httpd.exe: Could not reliably determine the server's fully qualified domain name, using 192.168.0.22. Set the 'ServerName' directive globally to suppress this message
[Fri Feb 19 11:37:35.675632 2021] [mpm_winnt:notice] [pid 23680:tid 796] AH00354: Child: Starting 64 worker threads.
